TN:
SF:src/main/models/awsValidator.js
FN:7,(anonymous_0)
FN:11,(anonymous_1)
FN:105,(anonymous_2)
FNF:3
FNH:0
FNDA:0,(anonymous_0)
FNDA:0,(anonymous_1)
FNDA:0,(anonymous_2)
DA:1,0
DA:2,0
DA:3,0
DA:4,0
DA:8,0
DA:12,0
DA:23,0
DA:25,0
DA:34,0
DA:35,0
DA:37,0
DA:42,0
DA:45,0
DA:46,0
DA:55,0
DA:56,0
DA:57,0
DA:59,0
DA:63,0
DA:64,0
DA:73,0
DA:74,0
DA:75,0
DA:77,0
DA:81,0
DA:82,0
DA:91,0
DA:92,0
DA:93,0
DA:95,0
DA:99,0
DA:102,0
DA:106,0
DA:126,0
LF:34
LH:0
BRF:0
BRH:0
end_of_record
TN:
SF:src/main/models/conversationManager.js
FN:9,(anonymous_0)
FN:13,(anonymous_1)
FN:17,(anonymous_2)
FN:21,(anonymous_3)
FN:26,(anonymous_4)
FN:27,(anonymous_5)
FN:32,(anonymous_6)
FN:35,(anonymous_7)
FN:40,(anonymous_8)
FN:47,(anonymous_9)
FN:51,(anonymous_10)
FN:63,(anonymous_11)
FN:68,(anonymous_12)
FN:69,(anonymous_13)
FN:76,(anonymous_14)
FNF:15
FNH:0
FNDA:0,(anonymous_0)
FNDA:0,(anonymous_1)
FNDA:0,(anonymous_2)
FNDA:0,(anonymous_3)
FNDA:0,(anonymous_4)
FNDA:0,(anonymous_5)
FNDA:0,(anonymous_6)
FNDA:0,(anonymous_7)
FNDA:0,(anonymous_8)
FNDA:0,(anonymous_9)
FNDA:0,(anonymous_10)
FNDA:0,(anonymous_11)
FNDA:0,(anonymous_12)
FNDA:0,(anonymous_13)
FNDA:0,(anonymous_14)
DA:1,0
DA:2,0
DA:3,0
DA:5,0
DA:6,0
DA:10,0
DA:14,0
DA:18,0
DA:22,0
DA:23,0
DA:24,0
DA:26,0
DA:28,0
DA:29,0
DA:32,0
DA:36,0
DA:37,0
DA:41,0
DA:42,0
DA:43,0
DA:44,0
DA:48,0
DA:52,0
DA:53,0
DA:54,0
DA:64,0
DA:69,0
DA:77,0
DA:78,0
DA:83,0
DA:87,0
LF:31
LH:0
BRDA:53,0,0,0
BRDA:53,0,1,0
BRF:2
BRH:0
end_of_record
TN:
SF:src/main/models/credentialsManager.js
FN:6,(anonymous_0)
FN:10,(anonymous_1)
FN:33,(anonymous_2)
FN:39,(anonymous_3)
FN:65,(anonymous_4)
FN:74,(anonymous_5)
FNF:6
FNH:6
FNDA:8,(anonymous_0)
FNDA:2,(anonymous_1)
FNDA:2,(anonymous_2)
FNDA:3,(anonymous_3)
FNDA:2,(anonymous_4)
FNDA:2,(anonymous_5)
DA:1,1
DA:2,1
DA:3,1
DA:7,8
DA:11,2
DA:13,2
DA:14,1
DA:18,1
DA:26,1
DA:27,1
DA:29,1
DA:34,2
DA:35,2
DA:36,1
DA:39,1
DA:40,3
DA:41,0
DA:43,3
DA:44,3
DA:46,0
DA:50,1
DA:58,1
DA:59,1
DA:61,0
DA:66,2
DA:67,2
DA:68,1
DA:70,1
DA:75,2
DA:76,2
DA:77,1
DA:79,1
DA:80,1
DA:82,0
DA:87,1
LF:35
LH:31
BRDA:13,0,0,1
BRDA:13,0,1,1
BRDA:13,1,0,2
BRDA:13,1,1,2
BRDA:13,1,2,1
BRDA:22,2,0,1
BRDA:22,2,1,0
BRDA:23,3,0,1
BRDA:23,3,1,0
BRDA:40,4,0,0
BRDA:40,4,1,3
BRDA:43,5,0,3
BRDA:43,5,1,0
BRDA:43,6,0,3
BRDA:43,6,1,3
BRDA:43,6,2,3
BRDA:54,7,0,1
BRDA:54,7,1,0
BRDA:55,8,0,1
BRDA:55,8,1,0
BRDA:58,9,0,1
BRDA:58,9,1,0
BRDA:79,10,0,1
BRDA:79,10,1,0
BRF:24
BRH:16
end_of_record
TN:
SF:src/main/models/customPromptsManager.js
FN:6,(anonymous_0)
FN:28,(anonymous_1)
FN:33,(anonymous_2)
FN:47,(anonymous_3)
FN:59,(anonymous_4)
FN:63,(anonymous_5)
FN:77,(anonymous_6)
FN:79,(anonymous_7)
FN:88,(anonymous_8)
FN:90,(anonymous_9)
FN:98,(anonymous_10)
FNF:11
FNH:11
FNDA:14,(anonymous_0)
FNDA:4,(anonymous_1)
FNDA:8,(anonymous_2)
FNDA:13,(anonymous_3)
FNDA:7,(anonymous_4)
FNDA:2,(anonymous_5)
FNDA:2,(anonymous_6)
FNDA:1,(anonymous_7)
FNDA:2,(anonymous_8)
FNDA:2,(anonymous_9)
FNDA:2,(anonymous_10)
DA:1,1
DA:2,1
DA:3,1
DA:7,14
DA:8,14
DA:29,4
DA:32,4
DA:33,8
DA:40,2
DA:41,2
DA:44,2
DA:48,13
DA:49,13
DA:50,9
DA:52,4
DA:53,3
DA:55,1
DA:60,7
DA:64,2
DA:65,2
DA:72,2
DA:73,2
DA:74,2
DA:78,2
DA:79,2
DA:80,2
DA:81,1
DA:83,1
DA:84,1
DA:85,1
DA:89,2
DA:90,2
DA:91,2
DA:92,1
DA:94,1
DA:95,1
DA:99,2
DA:103,1
LF:38
LH:38
BRDA:32,0,0,2
BRDA:32,0,1,2
BRDA:52,1,0,3
BRDA:52,1,1,1
BRDA:80,2,0,1
BRDA:80,2,1,1
BRDA:91,3,0,1
BRDA:91,3,1,1
BRF:8
BRH:8
end_of_record
TN:
SF:src/main/models/settingsManager.js
FN:6,(anonymous_0)
FN:18,(anonymous_1)
FN:30,(anonymous_2)
FN:39,(anonymous_3)
FN:57,(anonymous_4)
FN:77,(anonymous_5)
FN:107,(anonymous_6)
FN:120,(anonymous_7)
FNF:8
FNH:0
FNDA:0,(anonymous_0)
FNDA:0,(anonymous_1)
FNDA:0,(anonymous_2)
FNDA:0,(anonymous_3)
FNDA:0,(anonymous_4)
FNDA:0,(anonymous_5)
FNDA:0,(anonymous_6)
FNDA:0,(anonymous_7)
DA:1,0
DA:2,0
DA:3,0
DA:7,0
DA:8,0
DA:9,0
DA:19,0
DA:20,0
DA:22,0
DA:23,0
DA:25,0
DA:31,0
DA:32,0
DA:33,0
DA:35,0
DA:40,0
DA:41,0
DA:42,0
DA:43,0
DA:46,0
DA:47,0
DA:50,0
DA:52,0
DA:53,0
DA:58,0
DA:59,0
DA:62,0
DA:64,0
DA:70,0
DA:72,0
DA:73,0
DA:78,0
DA:81,0
DA:82,0
DA:86,0
DA:87,0
DA:91,0
DA:92,0
DA:95,0
DA:96,0
DA:100,0
DA:101,0
DA:104,0
DA:108,0
DA:109,0
DA:110,0
DA:111,0
DA:113,0
DA:115,0
DA:116,0
DA:121,0
DA:125,0
LF:52
LH:0
BRDA:22,0,0,0
BRDA:22,0,1,0
BRDA:42,1,0,0
BRDA:42,1,1,0
BRDA:81,2,0,0
BRDA:81,2,1,0
BRDA:81,3,0,0
BRDA:81,3,1,0
BRDA:86,4,0,0
BRDA:86,4,1,0
BRDA:86,5,0,0
BRDA:86,5,1,0
BRDA:91,6,0,0
BRDA:91,6,1,0
BRDA:95,7,0,0
BRDA:95,7,1,0
BRDA:100,8,0,0
BRDA:100,8,1,0
BRDA:100,9,0,0
BRDA:100,9,1,0
BRDA:110,10,0,0
BRDA:110,10,1,0
BRF:22
BRH:0
end_of_record
TN:
SF:src/main/models/transcriptMapper.js
FN:3,(anonymous_0)
FN:16,(anonymous_1)
FN:23,(anonymous_2)
FN:28,(anonymous_3)
FN:95,(anonymous_4)
FN:127,(anonymous_5)
FN:147,(anonymous_6)
FN:162,(anonymous_7)
FN:167,(anonymous_8)
FNF:9
FNH:0
FNDA:0,(anonymous_0)
FNDA:0,(anonymous_1)
FNDA:0,(anonymous_2)
FNDA:0,(anonymous_3)
FNDA:0,(anonymous_4)
FNDA:0,(anonymous_5)
FNDA:0,(anonymous_6)
FNDA:0,(anonymous_7)
FNDA:0,(anonymous_8)
DA:8,0
DA:9,0
DA:11,0
DA:12,0
DA:13,0
DA:22,0
DA:23,0
DA:25,0
DA:33,0
DA:34,0
DA:36,0
DA:37,0
DA:40,0
DA:41,0
DA:43,0
DA:44,0
DA:46,0
DA:49,0
DA:50,0
DA:53,0
DA:54,0
DA:55,0
DA:60,0
DA:68,0
DA:69,0
DA:72,0
DA:74,0
DA:75,0
DA:76,0
DA:77,0
DA:80,0
DA:81,0
DA:82,0
DA:87,0
DA:88,0
DA:89,0
DA:92,0
DA:102,0
DA:103,0
DA:106,0
DA:109,0
DA:113,0
DA:117,0
DA:121,0
DA:124,0
DA:133,0
DA:134,0
DA:135,0
DA:141,0
DA:153,0
DA:154,0
DA:155,0
DA:156,0
DA:159,0
DA:167,0
DA:176,0
LF:56
LH:0
BRDA:8,0,0,0
BRDA:8,0,1,0
BRDA:8,1,0,0
BRDA:8,1,1,0
BRDA:8,1,2,0
BRDA:12,2,0,0
BRDA:12,2,1,0
BRDA:23,3,0,0
BRDA:23,3,1,0
BRDA:25,4,0,0
BRDA:25,4,1,0
BRDA:40,5,0,0
BRDA:40,5,1,0
BRDA:41,6,0,0
BRDA:41,6,1,0
BRDA:53,7,0,0
BRDA:53,7,1,0
BRDA:53,8,0,0
BRDA:53,8,1,0
BRDA:53,8,2,0
BRDA:54,9,0,0
BRDA:54,9,1,0
BRDA:72,10,0,0
BRDA:72,10,1,0
BRDA:75,11,0,0
BRDA:75,11,1,0
BRDA:75,12,0,0
BRDA:75,12,1,0
BRDA:87,13,0,0
BRDA:87,13,1,0
BRDA:102,14,0,0
BRDA:102,14,1,0
BRDA:109,15,0,0
BRDA:109,15,1,0
BRDA:110,16,0,0
BRDA:110,16,1,0
BRDA:117,17,0,0
BRDA:117,17,1,0
BRDA:118,18,0,0
BRDA:118,18,1,0
BRDA:134,19,0,0
BRDA:134,19,1,0
BRDA:134,20,0,0
BRDA:134,20,1,0
BRDA:155,21,0,0
BRDA:155,21,1,0
BRF:46
BRH:0
end_of_record
TN:
SF:src/renderer/credentials.js
FN:3,showSuccessToast
FN:14,showErrorToast
FN:25,showInfoToast
FN:36,(anonymous_3)
FN:52,(anonymous_4)
FN:57,saveCredentials
FN:95,testConnection
FN:134,(anonymous_7)
FN:155,(anonymous_8)
FN:178,loadExistingCredentials
FN:199,continueToApp
FN:204,setupPasteDetection
FN:208,(anonymous_12)
FN:219,handlePaste
FN:235,isAwsCredentialFormat
FN:251,parseAwsCredentials
FN:287,populateCredentialFields
FN:306,(anonymous_17)
FN:318,(anonymous_18)
FN:323,(anonymous_19)
FN:331,pasteCredentialsFromClipboard
FNF:21
FNH:0
FNDA:0,showSuccessToast
FNDA:0,showErrorToast
FNDA:0,showInfoToast
FNDA:0,(anonymous_3)
FNDA:0,(anonymous_4)
FNDA:0,saveCredentials
FNDA:0,testConnection
FNDA:0,(anonymous_7)
FNDA:0,(anonymous_8)
FNDA:0,loadExistingCredentials
FNDA:0,continueToApp
FNDA:0,setupPasteDetection
FNDA:0,(anonymous_12)
FNDA:0,handlePaste
FNDA:0,isAwsCredentialFormat
FNDA:0,parseAwsCredentials
FNDA:0,populateCredentialFields
FNDA:0,(anonymous_17)
FNDA:0,(anonymous_18)
FNDA:0,(anonymous_19)
FNDA:0,pasteCredentialsFromClipboard
DA:4,0
DA:15,0
DA:26,0
DA:36,0
DA:38,0
DA:39,0
DA:43,0
DA:44,0
DA:45,0
DA:49,0
DA:52,0
DA:53,0
DA:54,0
DA:58,0
DA:59,0
DA:61,0
DA:62,0
DA:63,0
DA:65,0
DA:74,0
DA:75,0
DA:79,0
DA:82,0
DA:84,0
DA:87,0
DA:88,0
DA:90,0
DA:91,0
DA:96,0
DA:97,0
DA:99,0
DA:100,0
DA:102,0
DA:103,0
DA:105,0
DA:107,0
DA:108,0
DA:116,0
DA:117,0
DA:121,0
DA:125,0
DA:129,0
DA:132,0
DA:133,0
DA:134,0
DA:135,0
DA:137,0
DA:141,0
DA:142,0
DA:146,0
DA:153,0
DA:154,0
DA:155,0
DA:156,0
DA:158,0
DA:162,0
DA:165,0
DA:166,0
DA:179,0
DA:180,0
DA:181,0
DA:182,0
DA:183,0
DA:184,0
DA:185,0
DA:186,0
DA:188,0
DA:191,0
DA:194,0
DA:195,0
DA:200,0
DA:206,0
DA:208,0
DA:209,0
DA:210,0
DA:211,0
DA:216,0
DA:221,0
DA:224,0
DA:225,0
DA:227,0
DA:228,0
DA:229,0
DA:230,0
DA:237,0
DA:241,0
DA:245,0
DA:248,0
DA:252,0
DA:254,0
DA:256,0
DA:257,0
DA:258,0
DA:262,0
DA:263,0
DA:264,0
DA:268,0
DA:269,0
DA:270,0
DA:274,0
DA:275,0
DA:276,0
DA:279,0
DA:281,0
DA:282,0
DA:283,0
DA:289,0
DA:290,0
DA:294,0
DA:295,0
DA:299,0
DA:300,0
DA:304,0
DA:305,0
DA:306,0
DA:307,0
DA:309,0
DA:310,0
DA:315,0
DA:316,0
DA:318,0
DA:319,0
DA:320,0
DA:322,0
DA:323,0
DA:324,0
DA:332,0
DA:334,0
DA:335,0
DA:337,0
DA:338,0
DA:339,0
DA:340,0
DA:341,0
DA:343,0
DA:346,0
DA:350,0
DA:353,0
DA:354,0
LF:139
LH:0
BRDA:38,0,0,0
BRDA:38,0,1,0
BRDA:44,1,0,0
BRDA:44,1,1,0
BRDA:69,2,0,0
BRDA:69,2,1,0
BRDA:70,3,0,0
BRDA:70,3,1,0
BRDA:74,4,0,0
BRDA:74,4,1,0
BRDA:74,5,0,0
BRDA:74,5,1,0
BRDA:74,5,2,0
BRDA:107,6,0,0
BRDA:107,6,1,0
BRDA:118,7,0,0
BRDA:118,7,1,0
BRDA:122,8,0,0
BRDA:122,8,1,0
BRDA:126,9,0,0
BRDA:126,9,1,0
BRDA:132,10,0,0
BRDA:132,10,1,0
BRDA:141,11,0,0
BRDA:141,11,1,0
BRDA:141,12,0,0
BRDA:141,12,1,0
BRDA:141,12,2,0
BRDA:153,13,0,0
BRDA:153,13,1,0
BRDA:181,14,0,0
BRDA:181,14,1,0
BRDA:182,15,0,0
BRDA:182,15,1,0
BRDA:183,16,0,0
BRDA:183,16,1,0
BRDA:184,17,0,0
BRDA:184,17,1,0
BRDA:185,18,0,0
BRDA:185,18,1,0
BRDA:186,19,0,0
BRDA:186,19,1,0
BRDA:210,20,0,0
BRDA:210,20,1,0
BRDA:221,21,0,0
BRDA:221,21,1,0
BRDA:224,22,0,0
BRDA:224,22,1,0
BRDA:228,23,0,0
BRDA:228,23,1,0
BRDA:237,24,0,0
BRDA:237,24,1,0
BRDA:241,25,0,0
BRDA:241,25,1,0
BRDA:245,26,0,0
BRDA:245,26,1,0
BRDA:248,27,0,0
BRDA:248,27,1,0
BRDA:248,27,2,0
BRDA:257,28,0,0
BRDA:257,28,1,0
BRDA:263,29,0,0
BRDA:263,29,1,0
BRDA:269,30,0,0
BRDA:269,30,1,0
BRDA:275,31,0,0
BRDA:275,31,1,0
BRDA:289,32,0,0
BRDA:289,32,1,0
BRDA:294,33,0,0
BRDA:294,33,1,0
BRDA:299,34,0,0
BRDA:299,34,1,0
BRDA:304,35,0,0
BRDA:304,35,1,0
BRDA:309,36,0,0
BRDA:309,36,1,0
BRDA:316,37,0,0
BRDA:316,37,1,0
BRDA:320,38,0,0
BRDA:320,38,1,0
BRDA:320,39,0,0
BRDA:320,39,1,0
BRDA:334,40,0,0
BRDA:334,40,1,0
BRDA:334,41,0,0
BRDA:334,41,1,0
BRDA:337,42,0,0
BRDA:337,42,1,0
BRDA:339,43,0,0
BRDA:339,43,1,0
BRF:91
BRH:0
end_of_record
TN:
SF:src/renderer/index.js
FN:13,showSuccessToast
FN:17,showErrorToast
FN:21,showInfoToast
FN:25,showWarningToast
FN:30,(anonymous_4)
FN:38,setupThemeToggle
FN:45,updateThemeIcon
FN:62,(anonymous_7)
FN:118,(anonymous_8)
FN:119,(anonymous_9)
FN:124,showTranscribePage
FN:133,showAnalyzePage
FN:141,downloadAnalysis
FN:148,(anonymous_13)
FN:160,copyAnalysis
FN:167,(anonymous_15)
FN:171,(anonymous_16)
FN:178,(anonymous_17)
FN:183,(anonymous_18)
FN:195,(anonymous_19)
FN:203,(anonymous_20)
FN:208,(anonymous_21)
FN:224,(anonymous_22)
FN:230,(anonymous_23)
FN:243,(anonymous_24)
FN:252,(anonymous_25)
FN:255,(anonymous_26)
FN:260,(anonymous_27)
FN:265,(anonymous_28)
FN:283,(anonymous_29)
FN:288,(anonymous_30)
FN:295,sendMessage
FN:356,(anonymous_32)
FN:370,(anonymous_33)
FN:381,(anonymous_34)
FN:383,(anonymous_35)
FN:384,(anonymous_36)
FN:389,(anonymous_37)
FN:485,loadBedrockModels
FN:492,(anonymous_39)
FN:503,loadPromptTemplates
FN:516,(anonymous_41)
FN:529,(anonymous_42)
FN:543,(anonymous_43)
FN:555,(anonymous_44)
FN:560,(anonymous_45)
FN:568,(anonymous_46)
FN:585,(anonymous_47)
FN:591,(anonymous_48)
FN:597,(anonymous_49)
FN:604,loadKnowledgeBases
FN:623,(anonymous_51)
FN:652,renderConversationList
FN:657,(anonymous_53)
FN:664,(anonymous_54)
FN:676,(anonymous_55)
FN:679,(anonymous_56)
FN:687,loadConversation
FN:695,deleteConversation
FN:707,renderChatHistory
FN:714,(anonymous_60)
FN:718,appendChatMessage
FN:736,(anonymous_62)
FN:738,(anonymous_63)
FN:739,(anonymous_64)
FN:748,appendThinking
FN:758,appendChatError
FN:768,appendCompressionNotice
FN:778,extractKBText
FN:781,(anonymous_69)
FN:786,simpleCitationParser
FN:795,(anonymous_71)
FN:817,(anonymous_72)
FN:842,formatText
FN:852,cleanupAnalysisText
FN:872,openCredentialsWindow
FN:883,openSettingsWindow
FN:893,checkConnectionStatus
FN:933,downloadTranscript
FN:957,copyTranscript
FN:966,(anonymous_80)
FN:974,(anonymous_81)
FN:979,(anonymous_82)
FN:985,clearTranscription
FN:991,performClearTranscription
FN:1016,uploadFile
FN:1074,displayTranscript
FN:1083,(anonymous_87)
FN:1108,addTranscriptSegmentListeners
FN:1111,(anonymous_89)
FN:1114,(anonymous_90)
FN:1133,moveVideoToTimestamp
FN:1141,formatTimestamp
FN:1151,cleanupTranscript
FN:1163,setupFileUpload
FN:1169,(anonymous_95)
FN:1173,(anonymous_96)
FN:1225,(anonymous_97)
FN:1233,readFileAsArrayBuffer
FN:1234,(anonymous_99)
FN:1238,(anonymous_100)
FN:1249,(anonymous_101)
FN:1254,getMimeType
FN:1272,updateFileList
FN:1290,(anonymous_104)
FN:1311,getFileIcon
FN:1327,removeFile
FN:1338,formatFileSize
FN:1355,setupCustomPromptsManagement
FN:1361,(anonymous_109)
FN:1367,(anonymous_110)
FN:1371,(anonymous_111)
FN:1375,(anonymous_112)
FN:1380,showPromptForm
FN:1401,hidePromptForm
FN:1408,savePrompt
FN:1437,loadCustomPromptsList
FN:1448,(anonymous_117)
FN:1470,(anonymous_118)
FN:1471,(anonymous_119)
FN:1473,(anonymous_120)
FN:1478,(anonymous_121)
FN:1479,(anonymous_122)
FN:1492,deletePrompt
FNF:124
FNH:28
FNDA:2,showSuccessToast
FNDA:9,showErrorToast
FNDA:3,showInfoToast
FNDA:6,showWarningToast
FNDA:0,(anonymous_4)
FNDA:0,setupThemeToggle
FNDA:0,updateThemeIcon
FNDA:0,(anonymous_7)
FNDA:1,(anonymous_8)
FNDA:0,(anonymous_9)
FNDA:1,showTranscribePage
FNDA:1,showAnalyzePage
FNDA:2,downloadAnalysis
FNDA:0,(anonymous_13)
FNDA:3,copyAnalysis
FNDA:0,(anonymous_15)
FNDA:0,(anonymous_16)
FNDA:0,(anonymous_17)
FNDA:0,(anonymous_18)
FNDA:1,(anonymous_19)
FNDA:0,(anonymous_20)
FNDA:0,(anonymous_21)
FNDA:1,(anonymous_22)
FNDA:2,(anonymous_23)
FNDA:2,(anonymous_24)
FNDA:0,(anonymous_25)
FNDA:0,(anonymous_26)
FNDA:0,(anonymous_27)
FNDA:2,(anonymous_28)
FNDA:0,(anonymous_29)
FNDA:0,(anonymous_30)
FNDA:2,sendMessage
FNDA:0,(anonymous_32)
FNDA:0,(anonymous_33)
FNDA:0,(anonymous_34)
FNDA:0,(anonymous_35)
FNDA:0,(anonymous_36)
FNDA:0,(anonymous_37)
FNDA:0,loadBedrockModels
FNDA:0,(anonymous_39)
FNDA:0,loadPromptTemplates
FNDA:0,(anonymous_41)
FNDA:0,(anonymous_42)
FNDA:0,(anonymous_43)
FNDA:0,(anonymous_44)
FNDA:0,(anonymous_45)
FNDA:0,(anonymous_46)
FNDA:0,(anonymous_47)
FNDA:0,(anonymous_48)
FNDA:0,(anonymous_49)
FNDA:2,loadKnowledgeBases
FNDA:1,(anonymous_51)
FNDA:0,renderConversationList
FNDA:0,(anonymous_53)
FNDA:0,(anonymous_54)
FNDA:0,(anonymous_55)
FNDA:0,(anonymous_56)
FNDA:0,loadConversation
FNDA:0,deleteConversation
FNDA:0,renderChatHistory
FNDA:0,(anonymous_60)
FNDA:0,appendChatMessage
FNDA:0,(anonymous_62)
FNDA:0,(anonymous_63)
FNDA:0,(anonymous_64)
FNDA:0,appendThinking
FNDA:0,appendChatError
FNDA:0,appendCompressionNotice
FNDA:0,extractKBText
FNDA:0,(anonymous_69)
FNDA:2,simpleCitationParser
FNDA:1,(anonymous_71)
FNDA:1,(anonymous_72)
FNDA:2,formatText
FNDA:1,cleanupAnalysisText
FNDA:0,openCredentialsWindow
FNDA:0,openSettingsWindow
FNDA:0,checkConnectionStatus
FNDA:0,downloadTranscript
FNDA:0,copyTranscript
FNDA:0,(anonymous_80)
FNDA:0,(anonymous_81)
FNDA:0,(anonymous_82)
FNDA:0,clearTranscription
FNDA:0,performClearTranscription
FNDA:4,uploadFile
FNDA:1,displayTranscript
FNDA:1,(anonymous_87)
FNDA:1,addTranscriptSegmentListeners
FNDA:1,(anonymous_89)
FNDA:0,(anonymous_90)
FNDA:0,moveVideoToTimestamp
FNDA:2,formatTimestamp
FNDA:0,cleanupTranscript
FNDA:0,setupFileUpload
FNDA:0,(anonymous_95)
FNDA:0,(anonymous_96)
FNDA:0,(anonymous_97)
FNDA:0,readFileAsArrayBuffer
FNDA:0,(anonymous_99)
FNDA:0,(anonymous_100)
FNDA:0,(anonymous_101)
FNDA:0,getMimeType
FNDA:0,updateFileList
FNDA:0,(anonymous_104)
FNDA:0,getFileIcon
FNDA:0,removeFile
FNDA:0,formatFileSize
FNDA:0,setupCustomPromptsManagement
FNDA:0,(anonymous_109)
FNDA:0,(anonymous_110)
FNDA:0,(anonymous_111)
FNDA:0,(anonymous_112)
FNDA:0,showPromptForm
FNDA:0,hidePromptForm
FNDA:0,savePrompt
FNDA:0,loadCustomPromptsList
FNDA:0,(anonymous_117)
FNDA:0,(anonymous_118)
FNDA:0,(anonymous_119)
FNDA:0,(anonymous_120)
FNDA:0,(anonymous_121)
FNDA:0,(anonymous_122)
FNDA:0,deletePrompt
DA:1,30
DA:2,30
DA:3,30
DA:4,30
DA:5,30
DA:6,30
DA:7,30
DA:8,30
DA:9,30
DA:10,30
DA:11,30
DA:14,2
DA:18,9
DA:22,3
DA:26,6
DA:30,30
DA:31,0
DA:32,0
DA:33,0
DA:39,0
DA:40,0
DA:42,0
DA:46,0
DA:47,0
DA:49,0
DA:50,0
DA:51,0
DA:52,0
DA:53,0
DA:54,0
DA:56,0
DA:57,0
DA:62,0
DA:63,0
DA:66,0
DA:68,0
DA:69,0
DA:71,0
DA:72,0
DA:75,0
DA:76,0
DA:79,0
DA:80,0
DA:81,0
DA:82,0
DA:84,0
DA:89,0
DA:92,0
DA:96,30
DA:97,30
DA:98,30
DA:99,30
DA:100,30
DA:101,30
DA:102,30
DA:103,30
DA:104,30
DA:105,30
DA:106,30
DA:107,30
DA:108,30
DA:109,30
DA:110,30
DA:111,30
DA:112,30
DA:113,30
DA:114,30
DA:117,30
DA:118,1
DA:119,0
DA:125,1
DA:126,1
DA:128,1
DA:129,1
DA:134,1
DA:135,1
DA:137,1
DA:138,1
DA:142,2
DA:143,2
DA:144,2
DA:147,0
DA:148,0
DA:151,0
DA:152,0
DA:153,0
DA:154,0
DA:155,0
DA:156,0
DA:157,0
DA:161,3
DA:162,3
DA:163,3
DA:166,0
DA:167,0
DA:170,0
DA:172,0
DA:174,0
DA:175,0
DA:176,0
DA:177,0
DA:178,0
DA:179,0
DA:184,0
DA:185,0
DA:189,30
DA:190,30
DA:191,30
DA:192,30
DA:193,30
DA:195,30
DA:196,1
DA:197,1
DA:198,1
DA:199,1
DA:203,30
DA:204,0
DA:208,30
DA:209,0
DA:210,0
DA:212,0
DA:214,0
DA:215,0
DA:216,0
DA:217,0
DA:219,0
DA:224,30
DA:225,1
DA:226,1
DA:227,1
DA:230,30
DA:231,2
DA:232,2
DA:234,2
DA:236,2
DA:237,2
DA:238,2
DA:239,2
DA:240,2
DA:243,2
DA:244,2
DA:246,2
DA:247,2
DA:252,30
DA:255,30
DA:256,0
DA:257,0
DA:260,30
DA:261,0
DA:262,0
DA:265,30
DA:266,2
DA:267,2
DA:268,2
DA:269,1
DA:270,1
DA:271,1
DA:273,1
DA:278,30
DA:280,30
DA:283,30
DA:284,0
DA:285,0
DA:288,30
DA:289,0
DA:290,0
DA:291,0
DA:296,2
DA:297,2
DA:298,2
DA:299,2
DA:301,2
DA:302,1
DA:303,1
DA:307,1
DA:308,0
DA:309,0
DA:313,1
DA:314,0
DA:318,1
DA:319,0
DA:320,0
DA:321,0
DA:322,0
DA:324,0
DA:328,1
DA:329,1
DA:330,1
DA:331,1
DA:332,1
DA:333,1
DA:334,1
DA:339,0
DA:340,0
DA:344,0
DA:345,0
DA:346,0
DA:347,0
DA:348,0
DA:351,0
DA:354,0
DA:356,0
DA:358,0
DA:360,0
DA:363,0
DA:364,0
DA:365,0
DA:366,0
DA:367,0
DA:370,0
DA:371,0
DA:372,0
DA:375,0
DA:376,0
DA:379,0
DA:380,0
DA:381,0
DA:382,0
DA:383,0
DA:384,0
DA:389,0
DA:390,0
DA:391,0
DA:392,0
DA:393,0
DA:394,0
DA:397,0
DA:398,0
DA:399,0
DA:400,0
DA:404,0
DA:405,0
DA:407,0
DA:409,0
DA:418,0
DA:419,0
DA:420,0
DA:421,0
DA:422,0
DA:423,0
DA:424,0
DA:425,0
DA:426,0
DA:430,0
DA:431,0
DA:432,0
DA:433,0
DA:434,0
DA:438,0
DA:439,0
DA:440,0
DA:444,0
DA:446,0
DA:451,0
DA:452,0
DA:455,0
DA:456,0
DA:457,0
DA:486,0
DA:488,0
DA:489,0
DA:490,0
DA:492,0
DA:493,0
DA:494,0
DA:495,0
DA:496,0
DA:499,0
DA:504,0
DA:505,0
DA:506,0
DA:509,0
DA:510,0
DA:511,0
DA:512,0
DA:513,0
DA:514,0
DA:516,0
DA:517,0
DA:518,0
DA:519,0
DA:520,0
DA:521,0
DA:524,0
DA:529,30
DA:530,0
DA:531,0
DA:532,0
DA:533,0
DA:534,0
DA:535,0
DA:538,0
DA:539,0
DA:540,0
DA:543,0
DA:544,0
DA:545,0
DA:547,0
DA:548,0
DA:549,0
DA:550,0
DA:553,0
DA:554,0
DA:555,0
DA:556,0
DA:557,0
DA:558,0
DA:560,0
DA:561,0
DA:562,0
DA:563,0
DA:564,0
DA:568,0
DA:569,0
DA:570,0
DA:571,0
DA:576,0
DA:577,0
DA:578,0
DA:581,0
DA:582,0
DA:585,0
DA:586,0
DA:587,0
DA:588,0
DA:591,0
DA:592,0
DA:593,0
DA:594,0
DA:597,0
DA:598,0
DA:599,0
DA:605,2
DA:606,2
DA:607,2
DA:608,2
DA:609,1
DA:612,0
DA:615,1
DA:618,1
DA:619,0
DA:623,1
DA:624,1
DA:625,1
DA:626,1
DA:627,1
DA:628,1
DA:631,0
DA:632,0
DA:633,0
DA:634,0
DA:635,0
DA:638,0
DA:639,0
DA:640,0
DA:645,2
DA:646,2
DA:653,0
DA:654,0
DA:655,0
DA:656,0
DA:657,0
DA:659,0
DA:660,0
DA:661,0
DA:662,0
DA:664,0
DA:665,0
DA:666,0
DA:667,0
DA:668,0
DA:671,0
DA:676,0
DA:677,0
DA:679,0
DA:680,0
DA:681,0
DA:683,0
DA:688,0
DA:689,0
DA:690,0
DA:691,0
DA:692,0
DA:696,0
DA:697,0
DA:698,0
DA:699,0
DA:701,0
DA:702,0
DA:704,0
DA:708,0
DA:709,0
DA:710,0
DA:711,0
DA:712,0
DA:714,0
DA:715,0
DA:719,0
DA:720,0
DA:721,0
DA:722,0
DA:724,0
DA:728,0
DA:735,0
DA:736,0
DA:737,0
DA:738,0
DA:739,0
DA:743,0
DA:744,0
DA:745,0
DA:749,0
DA:750,0
DA:751,0
DA:752,0
DA:753,0
DA:754,0
DA:755,0
DA:759,0
DA:760,0
DA:761,0
DA:762,0
DA:764,0
DA:765,0
DA:769,0
DA:770,0
DA:771,0
DA:772,0
DA:773,0
DA:774,0
DA:779,0
DA:780,0
DA:781,0
DA:788,2
DA:789,1
DA:792,1
DA:795,1
DA:797,1
DA:798,1
DA:801,1
DA:805,1
DA:808,1
DA:811,1
DA:814,1
DA:815,1
DA:817,1
DA:818,1
DA:819,1
DA:820,1
DA:822,1
DA:823,1
DA:824,1
DA:828,1
DA:831,1
DA:835,1
DA:836,0
DA:839,1
DA:844,2
DA:847,2
DA:849,2
DA:854,1
DA:857,1
DA:860,1
DA:863,1
DA:866,1
DA:868,1
DA:873,0
DA:874,0
DA:875,0
DA:877,0
DA:878,0
DA:884,0
DA:885,0
DA:886,0
DA:888,0
DA:889,0
DA:894,0
DA:895,0
DA:897,0
DA:899,0
DA:900,0
DA:901,0
DA:904,0
DA:906,0
DA:907,0
DA:909,0
DA:910,0
DA:911,0
DA:913,0
DA:914,0
DA:915,0
DA:916,0
DA:917,0
DA:920,0
DA:921,0
DA:924,0
DA:928,0
DA:929,0
DA:934,0
DA:936,0
DA:937,0
DA:938,0
DA:942,0
DA:945,0
DA:946,0
DA:947,0
DA:948,0
DA:951,0
DA:954,0
DA:958,0
DA:960,0
DA:961,0
DA:962,0
DA:965,0
DA:967,0
DA:970,0
DA:971,0
DA:972,0
DA:973,0
DA:974,0
DA:975,0
DA:980,0
DA:981,0
DA:987,0
DA:988,0
DA:993,0
DA:996,0
DA:997,0
DA:998,0
DA:1001,0
DA:1004,0
DA:1005,0
DA:1006,0
DA:1009,0
DA:1012,0
DA:1017,4
DA:1018,4
DA:1020,4
DA:1022,4
DA:1023,4
DA:1026,4
DA:1029,4
DA:1030,2
DA:1038,2
DA:1041,1
DA:1043,1
DA:1045,1
DA:1048,1
DA:1049,1
DA:1050,1
DA:1052,1
DA:1054,0
DA:1058,3
DA:1061,3
DA:1064,3
DA:1069,3
DA:1076,1
DA:1077,0
DA:1078,0
DA:1079,0
DA:1083,1
DA:1084,1
DA:1085,1
DA:1086,1
DA:1089,1
DA:1091,1
DA:1103,1
DA:1105,1
DA:1109,1
DA:1111,1
DA:1113,1
DA:1114,1
DA:1115,0
DA:1116,0
DA:1118,0
DA:1119,0
DA:1121,0
DA:1122,0
DA:1128,1
DA:1134,0
DA:1135,0
DA:1136,0
DA:1137,0
DA:1142,2
DA:1143,2
DA:1144,2
DA:1145,2
DA:1146,2
DA:1148,2
DA:1153,0
DA:1164,0
DA:1165,0
DA:1166,0
DA:1169,0
DA:1170,0
DA:1173,0
DA:1174,0
DA:1176,0
DA:1177,0
DA:1178,0
DA:1179,0
DA:1182,0
DA:1183,0
DA:1185,0
DA:1186,0
DA:1188,0
DA:1189,0
DA:1190,0
DA:1191,0
DA:1194,0
DA:1195,0
DA:1196,0
DA:1197,0
DA:1201,0
DA:1202,0
DA:1204,0
DA:1205,0
DA:1207,0
DA:1215,0
DA:1216,0
DA:1219,0
DA:1220,0
DA:1221,0
DA:1225,0
DA:1226,0
DA:1227,0
DA:1228,0
DA:1229,0
DA:1234,0
DA:1235,0
DA:1236,0
DA:1238,0
DA:1239,0
DA:1240,0
DA:1241,0
DA:1242,0
DA:1244,0
DA:1245,0
DA:1249,0
DA:1250,0
DA:1255,0
DA:1257,0
DA:1269,0
DA:1273,0
DA:1274,0
DA:1275,0
DA:1276,0
DA:1278,0
DA:1279,0
DA:1280,0
DA:1281,0
DA:1284,0
DA:1285,0
DA:1288,0
DA:1290,0
DA:1291,0
DA:1292,0
DA:1294,0
DA:1312,0
DA:1324,0
DA:1328,0
DA:1329,0
DA:1331,0
DA:1332,0
DA:1335,0
DA:1339,0
DA:1341,0
DA:1342,0
DA:1343,0
DA:1345,0
DA:1348,30
DA:1353,30
DA:1356,0
DA:1357,0
DA:1358,0
DA:1359,0
DA:1361,0
DA:1362,0
DA:1363,0
DA:1364,0
DA:1367,0
DA:1368,0
DA:1371,0
DA:1372,0
DA:1375,0
DA:1376,0
DA:1381,0
DA:1382,0
DA:1383,0
DA:1384,0
DA:1386,0
DA:1387,0
DA:1388,0
DA:1389,0
DA:1390,0
DA:1392,0
DA:1393,0
DA:1394,0
DA:1395,0
DA:1398,0
DA:1402,0
DA:1403,0
DA:1404,0
DA:1405,0
DA:1409,0
DA:1410,0
DA:1412,0
DA:1413,0
DA:1414,0
DA:1417,0
DA:1418,0
DA:1419,0
DA:1423,0
DA:1425,0
DA:1426,0
DA:1429,0
DA:1430,0
DA:1431,0
DA:1433,0
DA:1438,0
DA:1440,0
DA:1441,0
DA:1443,0
DA:1444,0
DA:1445,0
DA:1448,0
DA:1470,0
DA:1471,0
DA:1472,0
DA:1473,0
DA:1474,0
DA:1478,0
DA:1479,0
DA:1480,0
DA:1481,0
DA:1482,0
DA:1487,0
DA:1488,0
DA:1493,0
DA:1494,0
DA:1495,0
DA:1496,0
DA:1497,0
DA:1499,0
LF:744
LH:202
BRDA:31,0,0,0
BRDA:31,0,1,0
BRDA:42,1,0,0
BRDA:42,1,1,0
BRDA:42,2,0,0
BRDA:42,2,1,0
BRDA:49,3,0,0
BRDA:49,3,1,0
BRDA:52,4,0,0
BRDA:52,4,1,0
BRDA:66,5,0,0
BRDA:66,5,1,0
BRDA:66,5,2,0
BRDA:66,5,3,0
BRDA:82,6,0,0
BRDA:82,6,1,0
BRDA:96,7,0,30
BRDA:96,7,1,0
BRDA:142,8,0,2
BRDA:142,8,1,0
BRDA:142,9,0,2
BRDA:142,9,1,0
BRDA:148,10,0,0
BRDA:148,10,1,0
BRDA:161,11,0,3
BRDA:161,11,1,0
BRDA:161,12,0,3
BRDA:161,12,1,0
BRDA:167,13,0,0
BRDA:167,13,1,0
BRDA:175,14,0,0
BRDA:175,14,1,0
BRDA:210,15,0,0
BRDA:210,15,1,0
BRDA:212,16,0,0
BRDA:212,16,1,0
BRDA:214,17,0,0
BRDA:214,17,1,0
BRDA:214,18,0,0
BRDA:214,18,1,0
BRDA:214,18,2,0
BRDA:232,19,0,2
BRDA:232,19,1,0
BRDA:268,20,0,1
BRDA:268,20,1,1
BRDA:268,21,0,2
BRDA:268,21,1,2
BRDA:268,21,2,1
BRDA:289,22,0,0
BRDA:289,22,1,0
BRDA:289,23,0,0
BRDA:289,23,1,0
BRDA:301,24,0,1
BRDA:301,24,1,1
BRDA:307,25,0,0
BRDA:307,25,1,1
BRDA:313,26,0,0
BRDA:313,26,1,1
BRDA:313,27,0,1
BRDA:313,27,1,1
BRDA:318,28,0,0
BRDA:318,28,1,1
BRDA:319,29,0,0
BRDA:319,29,1,0
BRDA:320,30,0,0
BRDA:320,30,1,0
BRDA:320,31,0,0
BRDA:320,31,1,0
BRDA:320,31,2,0
BRDA:329,32,0,1
BRDA:329,32,1,0
BRDA:331,33,0,0
BRDA:331,33,1,1
BRDA:332,34,0,1
BRDA:332,34,1,0
BRDA:339,35,0,0
BRDA:339,35,1,0
BRDA:360,36,0,0
BRDA:360,36,1,0
BRDA:375,37,0,0
BRDA:375,37,1,0
BRDA:379,38,0,0
BRDA:379,38,1,0
BRDA:397,39,0,0
BRDA:397,39,1,0
BRDA:397,40,0,0
BRDA:397,40,1,0
BRDA:418,41,0,0
BRDA:418,41,1,0
BRDA:421,42,0,0
BRDA:421,42,1,0
BRDA:430,43,0,0
BRDA:430,43,1,0
BRDA:430,44,0,0
BRDA:430,44,1,0
BRDA:438,45,0,0
BRDA:438,45,1,0
BRDA:494,46,0,0
BRDA:494,46,1,0
BRDA:539,47,0,0
BRDA:539,47,1,0
BRDA:570,48,0,0
BRDA:570,48,1,0
BRDA:607,49,0,2
BRDA:607,49,1,0
BRDA:627,50,0,1
BRDA:627,50,1,0
BRDA:632,51,0,0
BRDA:632,51,1,0
BRDA:652,52,0,0
BRDA:656,53,0,0
BRDA:656,53,1,0
BRDA:660,54,0,0
BRDA:660,54,1,0
BRDA:660,55,0,0
BRDA:660,55,1,0
BRDA:666,56,0,0
BRDA:666,56,1,0
BRDA:666,57,0,0
BRDA:666,57,1,0
BRDA:668,58,0,0
BRDA:668,58,1,0
BRDA:677,59,0,0
BRDA:677,59,1,0
BRDA:697,60,0,0
BRDA:697,60,1,0
BRDA:697,61,0,0
BRDA:697,61,1,0
BRDA:710,62,0,0
BRDA:710,62,1,0
BRDA:710,63,0,0
BRDA:710,63,1,0
BRDA:722,64,0,0
BRDA:722,64,1,0
BRDA:724,65,0,0
BRDA:724,65,1,0
BRDA:735,66,0,0
BRDA:735,66,1,0
BRDA:779,67,0,0
BRDA:779,67,1,0
BRDA:779,68,0,0
BRDA:779,68,1,0
BRDA:781,69,0,0
BRDA:781,69,1,0
BRDA:788,70,0,1
BRDA:788,70,1,1
BRDA:788,71,0,2
BRDA:788,71,1,1
BRDA:788,71,2,1
BRDA:798,72,0,1
BRDA:798,72,1,0
BRDA:798,73,0,1
BRDA:798,73,1,1
BRDA:798,73,2,1
BRDA:805,74,0,0
BRDA:805,74,1,1
BRDA:814,75,0,1
BRDA:814,75,1,0
BRDA:814,76,0,1
BRDA:814,76,1,1
BRDA:818,77,0,1
BRDA:818,77,1,0
BRDA:818,78,0,1
BRDA:818,78,1,1
BRDA:835,79,0,0
BRDA:835,79,1,1
BRDA:899,80,0,0
BRDA:899,80,1,0
BRDA:906,81,0,0
BRDA:906,81,1,0
BRDA:909,82,0,0
BRDA:909,82,1,0
BRDA:909,83,0,0
BRDA:909,83,1,0
BRDA:909,83,2,0
BRDA:914,84,0,0
BRDA:914,84,1,0
BRDA:915,85,0,0
BRDA:915,85,1,0
BRDA:916,86,0,0
BRDA:916,86,1,0
BRDA:920,87,0,0
BRDA:920,87,1,0
BRDA:934,88,0,0
BRDA:934,88,1,0
BRDA:936,89,0,0
BRDA:936,89,1,0
BRDA:936,90,0,0
BRDA:936,90,1,0
BRDA:936,90,2,0
BRDA:958,91,0,0
BRDA:958,91,1,0
BRDA:960,92,0,0
BRDA:960,92,1,0
BRDA:960,93,0,0
BRDA:960,93,1,0
BRDA:960,93,2,0
BRDA:971,94,0,0
BRDA:971,94,1,0
BRDA:1043,95,0,1
BRDA:1043,95,1,0
BRDA:1061,96,0,3
BRDA:1061,96,1,0
BRDA:1066,97,0,3
BRDA:1066,97,1,0
BRDA:1076,98,0,0
BRDA:1076,98,1,1
BRDA:1076,99,0,1
BRDA:1076,99,1,1
BRDA:1086,100,0,1
BRDA:1086,100,1,0
BRDA:1113,101,0,1
BRDA:1113,101,1,0
BRDA:1116,102,0,0
BRDA:1116,102,1,0
BRDA:1121,103,0,0
BRDA:1121,103,1,0
BRDA:1121,104,0,0
BRDA:1121,104,1,0
BRDA:1176,105,0,0
BRDA:1176,105,1,0
BRDA:1188,106,0,0
BRDA:1188,106,1,0
BRDA:1194,107,0,0
BRDA:1194,107,1,0
BRDA:1216,108,0,0
BRDA:1216,108,1,0
BRDA:1239,109,0,0
BRDA:1239,109,1,0
BRDA:1269,110,0,0
BRDA:1269,110,1,0
BRDA:1278,111,0,0
BRDA:1278,111,1,0
BRDA:1324,112,0,0
BRDA:1324,112,1,0
BRDA:1331,113,0,0
BRDA:1331,113,1,0
BRDA:1339,114,0,0
BRDA:1339,114,1,0
BRDA:1380,115,0,0
BRDA:1386,116,0,0
BRDA:1386,116,1,0
BRDA:1412,117,0,0
BRDA:1412,117,1,0
BRDA:1412,118,0,0
BRDA:1412,118,1,0
BRDA:1418,119,0,0
BRDA:1418,119,1,0
BRDA:1443,120,0,0
BRDA:1443,120,1,0
BRDA:1454,121,0,0
BRDA:1454,121,1,0
BRDA:1481,122,0,0
BRDA:1481,122,1,0
BRF:254
BRH:48
end_of_record
TN:
SF:src/renderer/modalManager.js
FN:7,(anonymous_0)
FN:25,(anonymous_1)
FN:29,(anonymous_2)
FN:37,(anonymous_3)
FN:52,(anonymous_4)
FN:68,(anonymous_5)
FN:81,(anonymous_6)
FN:97,(anonymous_7)
FN:117,(anonymous_8)
FN:146,(anonymous_9)
FN:153,(anonymous_10)
FN:169,(anonymous_11)
FN:191,(anonymous_12)
FN:200,(anonymous_13)
FNF:14
FNH:0
FNDA:0,(anonymous_0)
FNDA:0,(anonymous_1)
FNDA:0,(anonymous_2)
FNDA:0,(anonymous_3)
FNDA:0,(anonymous_4)
FNDA:0,(anonymous_5)
FNDA:0,(anonymous_6)
FNDA:0,(anonymous_7)
FNDA:0,(anonymous_8)
FNDA:0,(anonymous_9)
FNDA:0,(anonymous_10)
FNDA:0,(anonymous_11)
FNDA:0,(anonymous_12)
FNDA:0,(anonymous_13)
DA:8,0
DA:9,0
DA:10,0
DA:11,0
DA:13,0
DA:14,0
DA:15,0
DA:19,0
DA:25,0
DA:26,0
DA:29,0
DA:30,0
DA:38,0
DA:40,0
DA:41,0
DA:42,0
DA:44,0
DA:45,0
DA:53,0
DA:55,0
DA:56,0
DA:57,0
DA:59,0
DA:60,0
DA:69,0
DA:71,0
DA:72,0
DA:73,0
DA:74,0
DA:75,0
DA:76,0
DA:80,0
DA:81,0
DA:84,0
DA:85,0
DA:86,0
DA:88,0
DA:90,0
DA:98,0
DA:99,0
DA:100,0
DA:102,0
DA:103,0
DA:106,0
DA:107,0
DA:110,0
DA:118,0
DA:119,0
DA:120,0
DA:123,0
DA:144,0
DA:145,0
DA:146,0
DA:147,0
DA:148,0
DA:153,0
DA:154,0
DA:155,0
DA:156,0
DA:161,0
DA:162,0
DA:170,0
DA:171,0
DA:172,0
DA:174,0
DA:184,0
DA:192,0
DA:193,0
DA:194,0
DA:201,0
DA:206,0
DA:207,0
LF:72
LH:0
BRDA:13,0,0,0
BRDA:13,0,1,0
BRDA:38,1,0,0
BRDA:38,1,1,0
BRDA:53,2,0,0
BRDA:53,2,1,0
BRDA:71,3,0,0
BRDA:71,3,1,0
BRDA:102,4,0,0
BRDA:102,4,1,0
BRDA:102,5,0,0
BRDA:102,5,1,0
BRDA:106,6,0,0
BRDA:106,6,1,0
BRDA:106,7,0,0
BRDA:106,7,1,0
BRDA:120,8,0,0
BRDA:120,8,1,0
BRDA:145,9,0,0
BRDA:145,9,1,0
BRDA:154,10,0,0
BRDA:154,10,1,0
BRDA:169,11,0,0
BRDA:169,12,0,0
BRDA:172,13,0,0
BRDA:172,13,1,0
BRDA:206,14,0,0
BRDA:206,14,1,0
BRDA:206,15,0,0
BRDA:206,15,1,0
BRF:30
BRH:0
end_of_record
TN:
SF:src/renderer/settings.js
FN:20,(anonymous_0)
FN:22,(anonymous_1)
FN:28,(anonymous_2)
FN:42,loadSettings
FN:55,populateForm
FN:63,saveSettings
FN:100,(anonymous_6)
FN:111,resetToDefaults
FN:122,navigateToMain
FN:132,validateForm
FNF:10
FNH:0
FNDA:0,(anonymous_0)
FNDA:0,(anonymous_1)
FNDA:0,(anonymous_2)
FNDA:0,loadSettings
FNDA:0,populateForm
FNDA:0,saveSettings
FNDA:0,(anonymous_6)
FNDA:0,resetToDefaults
FNDA:0,navigateToMain
FNDA:0,validateForm
DA:2,0
DA:5,0
DA:6,0
DA:7,0
DA:8,0
DA:9,0
DA:10,0
DA:13,0
DA:14,0
DA:15,0
DA:16,0
DA:17,0
DA:20,0
DA:21,0
DA:22,0
DA:23,0
DA:28,0
DA:30,0
DA:31,0
DA:33,0
DA:37,0
DA:38,0
DA:39,0
DA:40,0
DA:43,0
DA:44,0
DA:45,0
DA:47,0
DA:48,0
DA:50,0
DA:51,0
DA:56,0
DA:57,0
DA:58,0
DA:59,0
DA:60,0
DA:64,0
DA:67,0
DA:69,0
DA:70,0
DA:71,0
DA:80,0
DA:81,0
DA:84,0
DA:85,0
DA:88,0
DA:89,0
DA:92,0
DA:93,0
DA:96,0
DA:97,0
DA:100,0
DA:101,0
DA:105,0
DA:106,0
DA:107,0
DA:112,0
DA:113,0
DA:114,0
DA:115,0
DA:117,0
DA:118,0
DA:123,0
DA:124,0
DA:126,0
DA:127,0
DA:133,0
DA:134,0
DA:137,0
DA:139,0
DA:140,0
DA:141,0
DA:143,0
DA:146,0
DA:147,0
DA:148,0
DA:150,0
DA:153,0
DA:157,0
DA:158,0
LF:80
LH:0
BRDA:30,0,0,0
BRDA:30,0,1,0
BRDA:56,1,0,0
BRDA:56,1,1,0
BRDA:57,2,0,0
BRDA:57,2,1,0
BRDA:58,3,0,0
BRDA:58,3,1,0
BRDA:59,4,0,0
BRDA:59,4,1,0
BRDA:60,5,0,0
BRDA:60,5,1,0
BRDA:80,6,0,0
BRDA:80,6,1,0
BRDA:84,7,0,0
BRDA:84,7,1,0
BRDA:92,8,0,0
BRDA:92,8,1,0
BRDA:92,9,0,0
BRDA:92,9,1,0
BRDA:105,10,0,0
BRDA:105,10,1,0
BRDA:139,11,0,0
BRDA:139,11,1,0
BRDA:139,12,0,0
BRDA:139,12,1,0
BRDA:146,13,0,0
BRDA:146,13,1,0
BRDA:146,14,0,0
BRDA:146,14,1,0
BRF:30
BRH:0
end_of_record
TN:
SF:src/renderer/themeManager.js
FN:3,(anonymous_0)
FN:9,(anonymous_1)
FN:26,(anonymous_2)
FN:46,(anonymous_3)
FN:75,(anonymous_4)
FN:85,(anonymous_5)
FN:92,(anonymous_6)
FN:99,(anonymous_7)
FN:124,(anonymous_8)
FNF:9
FNH:0
FNDA:0,(anonymous_0)
FNDA:0,(anonymous_1)
FNDA:0,(anonymous_2)
FNDA:0,(anonymous_3)
FNDA:0,(anonymous_4)
FNDA:0,(anonymous_5)
FNDA:0,(anonymous_6)
FNDA:0,(anonymous_7)
FNDA:0,(anonymous_8)
DA:4,0
DA:5,0
DA:6,0
DA:9,0
DA:10,0
DA:11,0
DA:12,0
DA:17,0
DA:20,0
DA:28,0
DA:29,0
DA:30,0
DA:31,0
DA:32,0
DA:39,0
DA:47,0
DA:50,0
DA:51,0
DA:53,0
DA:57,0
DA:58,0
DA:61,0
DA:62,0
DA:65,0
DA:69,0
DA:76,0
DA:77,0
DA:79,0
DA:86,0
DA:93,0
DA:100,0
DA:101,0
DA:102,0
DA:105,0
DA:106,0
DA:112,0
DA:113,0
DA:116,0
DA:117,0
DA:125,0
DA:126,0
DA:127,0
DA:128,0
DA:131,0
DA:132,0
DA:137,0
DA:139,0
DA:140,0
DA:146,0
DA:149,0
DA:150,0
LF:51
LH:0
BRDA:10,0,0,0
BRDA:10,0,1,0
BRDA:11,1,0,0
BRDA:11,1,1,0
BRDA:17,2,0,0
BRDA:17,2,1,0
BRDA:31,3,0,0
BRDA:31,3,1,0
BRDA:31,4,0,0
BRDA:31,4,1,0
BRDA:50,5,0,0
BRDA:50,5,1,0
BRDA:76,6,0,0
BRDA:76,6,1,0
BRDA:102,7,0,0
BRDA:102,7,1,0
BRDA:112,8,0,0
BRDA:112,8,1,0
BRDA:149,9,0,0
BRDA:149,9,1,0
BRDA:149,10,0,0
BRDA:149,10,1,0
BRF:22
BRH:0
end_of_record
